[2026-05-06T19:07:42Z] [DOD-AUDIT] user=runner cmd=status -- FIPS 140-2/140-3 mode: NOT ACTIVE (set DOD_FIPS_REQUIRED=1 to enforce)
[2026-05-06T19:07:42Z] [DOD-AUDIT] user=runner cmd=status -- Secure Boot status: SecureBoot disabled
[2026-05-06T19:07:42Z] [DOD-AUDIT] user=runner cmd=status -- DoD CLI invoked: phoenixboot-dod status status
[2026-05-06T19:07:45Z] [DOD-AUDIT] user=runner cmd=dod-check -- FIPS 140-2/140-3 mode: NOT ACTIVE (set DOD_FIPS_REQUIRED=1 to enforce)
[2026-05-06T19:07:45Z] [DOD-AUDIT] user=runner cmd=dod-check -- Secure Boot status: SecureBoot disabled
[2026-05-06T19:07:45Z] [DOD-AUDIT] user=runner cmd=dod-check -- DoD CLI invoked: phoenixboot-dod dod-check dod-check
[2026-05-06T19:07:45Z] [DOD-AUDIT] user=runner cmd=dod-check -- Running DoD/DISA STIG compliance check
[2026-05-06T19:07:45Z] [DOD-AUDIT] user=runner cmd=dod-check -- CHECK WARN [FIPS-001] Kernel FIPS mode active -- FIPS mode not detected; boot with fips=1 for full FIPS 140-2/140-3 compliance
[2026-05-06T19:07:45Z] [DOD-AUDIT] user=runner cmd=dod-check -- CHECK WARN [FIPS-002] OpenSSL FIPS provider available -- OpenSSL FIPS provider not found; non-FIPS algorithms may be used
[2026-05-06T19:07:45Z] [DOD-AUDIT] user=runner cmd=dod-check -- CHECK PASS [STIG-SB-001] UEFI system (Secure Boot capable) 
[2026-05-06T19:07:45Z] [DOD-AUDIT] user=runner cmd=dod-check -- CHECK FAIL [STIG-SB-002] Secure Boot enabled -- Secure Boot is disabled; required by DISA STIG RHEL-08-010370
[2026-05-06T19:07:45Z] [DOD-AUDIT] user=runner cmd=dod-check -- CHECK WARN [STIG-KMS-001] CONFIG_MODULE_SIG_FORCE=y (require signed modules) -- Unsigned kernel modules may be loaded; see DISA STIG RHEL-08-010370
[2026-05-06T19:07:45Z] [DOD-AUDIT] user=runner cmd=dod-check -- CHECK WARN [STIG-KMS-002] CONFIG_MODULE_SIG=y (module signature verification) -- Enable CONFIG_MODULE_SIG=y for module signature support
[2026-05-06T19:07:45Z] [DOD-AUDIT] user=runner cmd=dod-check -- CHECK WARN [STIG-KX-001] CONFIG_KEXEC disabled (prevents Secure Boot bypass) -- kexec can bypass Secure Boot; disable unless required (DISA STIG RHEL-08-010372)
[2026-05-06T19:07:45Z] [DOD-AUDIT] user=runner cmd=dod-check -- CHECK WARN [STIG-MAC-001] Mandatory Access Control (SELinux/AppArmor) -- Cannot determine MAC status; install selinux-utils or apparmor-utils
[2026-05-06T19:07:45Z] [DOD-AUDIT] user=runner cmd=dod-check -- CHECK PASS [STIG-KASLR-001] CONFIG_RANDOMIZE_BASE=y (KASLR) 
[2026-05-06T19:07:45Z] [DOD-AUDIT] user=runner cmd=dod-check -- CHECK FAIL [DOD-KEY-001] Private key permissions: /home/runner/work/PhoenixBoot/PhoenixBoot/keys/db.key (644) -- Private keys must be chmod 600 or 400 (owner read-only)
[2026-05-06T19:07:45Z] [DOD-AUDIT] user=runner cmd=dod-check -- CHECK FAIL [DOD-KEY-001] Private key permissions: /home/runner/work/PhoenixBoot/PhoenixBoot/keys/PK.key (644) -- Private keys must be chmod 600 or 400 (owner read-only)
[2026-05-06T19:07:45Z] [DOD-AUDIT] user=runner cmd=dod-check -- CHECK FAIL [DOD-KEY-001] Private key permissions: /home/runner/work/PhoenixBoot/PhoenixBoot/keys/KEK.key (644) -- Private keys must be chmod 600 or 400 (owner read-only)
[2026-05-06T19:07:45Z] [DOD-AUDIT] user=runner cmd=dod-check -- dod-check complete: PASS=2 WARN=6 FAIL=4
[2026-05-06T19:08:03Z] [DOD-AUDIT] user=runner cmd=status -- FIPS 140-2/140-3 mode: NOT ACTIVE (set DOD_FIPS_REQUIRED=1 to enforce)
[2026-05-06T19:08:03Z] [DOD-AUDIT] user=runner cmd=status -- Secure Boot status: SecureBoot disabled
[2026-05-06T19:08:03Z] [DOD-AUDIT] user=runner cmd=status -- DoD CLI invoked: phoenixboot-dod status 
[2026-05-06T19:08:37Z] [DOD-AUDIT] user=runner cmd=status -- FIPS 140-2/140-3 mode: NOT ACTIVE (set DOD_FIPS_REQUIRED=1 to enforce)
[2026-05-06T19:08:38Z] [DOD-AUDIT] user=runner cmd=status -- Secure Boot status: SecureBoot disabled
[2026-05-06T19:08:38Z] [DOD-AUDIT] user=runner cmd=status -- DoD CLI invoked: phoenixboot-dod status 
[2026-05-06T19:08:38Z] [DOD-AUDIT] user=runner cmd=dod-status -- FIPS 140-2/140-3 mode: NOT ACTIVE (set DOD_FIPS_REQUIRED=1 to enforce)
[2026-05-06T19:08:38Z] [DOD-AUDIT] user=runner cmd=dod-status -- Secure Boot status: SecureBoot disabled
[2026-05-06T19:08:38Z] [DOD-AUDIT] user=runner cmd=dod-status -- DoD CLI invoked: phoenixboot-dod dod-status 
[2026-05-06T19:08:38Z] [DOD-AUDIT] user=runner cmd=dod-status -- Checking DoD/FIPS system status
[2026-05-06T19:08:38Z] [DOD-AUDIT] user=runner cmd=dod-check -- FIPS 140-2/140-3 mode: NOT ACTIVE (set DOD_FIPS_REQUIRED=1 to enforce)
[2026-05-06T19:08:38Z] [DOD-AUDIT] user=runner cmd=dod-check -- Secure Boot status: SecureBoot disabled
[2026-05-06T19:08:38Z] [DOD-AUDIT] user=runner cmd=dod-check -- DoD CLI invoked: phoenixboot-dod dod-check 
[2026-05-06T19:08:38Z] [DOD-AUDIT] user=runner cmd=dod-check -- Running DoD/DISA STIG compliance check
[2026-05-06T19:08:38Z] [DOD-AUDIT] user=runner cmd=dod-check -- CHECK WARN [FIPS-001] Kernel FIPS mode active -- FIPS mode not detected; boot with fips=1 for full FIPS 140-2/140-3 compliance
[2026-05-06T19:08:38Z] [DOD-AUDIT] user=runner cmd=dod-check -- CHECK WARN [FIPS-002] OpenSSL FIPS provider available -- OpenSSL FIPS provider not found; non-FIPS algorithms may be used
[2026-05-06T19:08:38Z] [DOD-AUDIT] user=runner cmd=dod-check -- CHECK PASS [STIG-SB-001] UEFI system (Secure Boot capable) 
[2026-05-06T19:08:38Z] [DOD-AUDIT] user=runner cmd=dod-check -- CHECK FAIL [STIG-SB-002] Secure Boot enabled -- Secure Boot is disabled; required by DISA STIG RHEL-08-010370
[2026-05-06T19:08:38Z] [DOD-AUDIT] user=runner cmd=dod-check -- CHECK WARN [STIG-KMS-001] CONFIG_MODULE_SIG_FORCE=y (require signed modules) -- Unsigned kernel modules may be loaded; see DISA STIG RHEL-08-010370
[2026-05-06T19:08:38Z] [DOD-AUDIT] user=runner cmd=dod-check -- CHECK WARN [STIG-KMS-002] CONFIG_MODULE_SIG=y (module signature verification) -- Enable CONFIG_MODULE_SIG=y for module signature support
[2026-05-06T19:08:38Z] [DOD-AUDIT] user=runner cmd=dod-check -- CHECK WARN [STIG-KX-001] CONFIG_KEXEC disabled (prevents Secure Boot bypass) -- kexec can bypass Secure Boot; disable unless required (DISA STIG RHEL-08-010372)
[2026-05-06T19:08:38Z] [DOD-AUDIT] user=runner cmd=dod-check -- CHECK WARN [STIG-MAC-001] Mandatory Access Control (SELinux/AppArmor) -- Cannot determine MAC status; install selinux-utils or apparmor-utils
[2026-05-06T19:08:38Z] [DOD-AUDIT] user=runner cmd=dod-check -- CHECK PASS [STIG-KASLR-001] CONFIG_RANDOMIZE_BASE=y (KASLR) 
[2026-05-06T19:08:38Z] [DOD-AUDIT] user=runner cmd=dod-check -- CHECK FAIL [DOD-KEY-001] Private key permissions: /home/runner/work/PhoenixBoot/PhoenixBoot/keys/db.key (644) -- Private keys must be chmod 600 or 400 (owner read-only)
[2026-05-06T19:08:38Z] [DOD-AUDIT] user=runner cmd=dod-check -- CHECK FAIL [DOD-KEY-001] Private key permissions: /home/runner/work/PhoenixBoot/PhoenixBoot/keys/PK.key (644) -- Private keys must be chmod 600 or 400 (owner read-only)
[2026-05-06T19:08:38Z] [DOD-AUDIT] user=runner cmd=dod-check -- CHECK FAIL [DOD-KEY-001] Private key permissions: /home/runner/work/PhoenixBoot/PhoenixBoot/keys/KEK.key (644) -- Private keys must be chmod 600 or 400 (owner read-only)
[2026-05-06T19:08:38Z] [DOD-AUDIT] user=runner cmd=dod-check -- dod-check complete: PASS=2 WARN=6 FAIL=4
[2026-05-06T19:08:38Z] [DOD-AUDIT] user=runner cmd=status -- ABORT: FIPS mode not active; DOD_FIPS_REQUIRED=1
[2026-05-06T19:09:18Z] [DOD-AUDIT] user=runner cmd=status -- FIPS 140-2/140-3 mode: NOT ACTIVE (set DOD_FIPS_REQUIRED=1 to enforce)
[2026-05-06T19:09:18Z] [DOD-AUDIT] user=runner cmd=status -- Secure Boot status: SecureBoot disabled
[2026-05-06T19:09:18Z] [DOD-AUDIT] user=runner cmd=status -- DoD CLI invoked: phoenixboot-dod status 
[2026-05-06T19:09:18Z] [DOD-AUDIT] user=runner cmd=dod-status -- FIPS 140-2/140-3 mode: NOT ACTIVE (set DOD_FIPS_REQUIRED=1 to enforce)
[2026-05-06T19:09:18Z] [DOD-AUDIT] user=runner cmd=dod-status -- Secure Boot status: SecureBoot disabled
[2026-05-06T19:09:18Z] [DOD-AUDIT] user=runner cmd=dod-status -- DoD CLI invoked: phoenixboot-dod dod-status 
[2026-05-06T19:09:18Z] [DOD-AUDIT] user=runner cmd=dod-status -- Checking DoD/FIPS system status
[2026-05-06T19:09:18Z] [DOD-AUDIT] user=runner cmd=dod-check -- FIPS 140-2/140-3 mode: NOT ACTIVE (set DOD_FIPS_REQUIRED=1 to enforce)
[2026-05-06T19:09:18Z] [DOD-AUDIT] user=runner cmd=dod-check -- Secure Boot status: SecureBoot disabled
[2026-05-06T19:09:18Z] [DOD-AUDIT] user=runner cmd=dod-check -- DoD CLI invoked: phoenixboot-dod dod-check 
[2026-05-06T19:09:18Z] [DOD-AUDIT] user=runner cmd=dod-check -- Running DoD/DISA STIG compliance check
[2026-05-06T19:09:18Z] [DOD-AUDIT] user=runner cmd=dod-check -- CHECK WARN [FIPS-001] Kernel FIPS mode active -- FIPS mode not detected; boot with fips=1 for full FIPS 140-2/140-3 compliance
[2026-05-06T19:09:18Z] [DOD-AUDIT] user=runner cmd=dod-check -- CHECK WARN [FIPS-002] OpenSSL FIPS provider available -- OpenSSL FIPS provider not found; non-FIPS algorithms may be used
[2026-05-06T19:09:18Z] [DOD-AUDIT] user=runner cmd=dod-check -- CHECK PASS [STIG-SB-001] UEFI system (Secure Boot capable) 
[2026-05-06T19:09:18Z] [DOD-AUDIT] user=runner cmd=dod-check -- CHECK FAIL [STIG-SB-002] Secure Boot enabled -- Secure Boot is disabled; required by DISA STIG RHEL-08-010370
[2026-05-06T19:09:18Z] [DOD-AUDIT] user=runner cmd=dod-check -- CHECK WARN [STIG-KMS-001] CONFIG_MODULE_SIG_FORCE=y (require signed modules) -- Unsigned kernel modules may be loaded; see DISA STIG RHEL-08-010370
[2026-05-06T19:09:18Z] [DOD-AUDIT] user=runner cmd=dod-check -- CHECK WARN [STIG-KMS-002] CONFIG_MODULE_SIG=y (module signature verification) -- Enable CONFIG_MODULE_SIG=y for module signature support
[2026-05-06T19:09:18Z] [DOD-AUDIT] user=runner cmd=dod-check -- CHECK WARN [STIG-KX-001] CONFIG_KEXEC disabled (prevents Secure Boot bypass) -- kexec can bypass Secure Boot; disable unless required (DISA STIG RHEL-08-010372)
[2026-05-06T19:09:18Z] [DOD-AUDIT] user=runner cmd=dod-check -- CHECK WARN [STIG-MAC-001] Mandatory Access Control (SELinux/AppArmor) -- Cannot determine MAC status; install selinux-utils or apparmor-utils
[2026-05-06T19:09:18Z] [DOD-AUDIT] user=runner cmd=dod-check -- CHECK PASS [STIG-KASLR-001] CONFIG_RANDOMIZE_BASE=y (KASLR) 
[2026-05-06T19:09:18Z] [DOD-AUDIT] user=runner cmd=dod-check -- CHECK FAIL [DOD-KEY-001] Private key permissions: /home/runner/work/PhoenixBoot/PhoenixBoot/keys/db.key (644) -- Private keys must be chmod 600 or 400 (owner read-only)
[2026-05-06T19:09:18Z] [DOD-AUDIT] user=runner cmd=dod-check -- CHECK FAIL [DOD-KEY-001] Private key permissions: /home/runner/work/PhoenixBoot/PhoenixBoot/keys/PK.key (644) -- Private keys must be chmod 600 or 400 (owner read-only)
[2026-05-06T19:09:18Z] [DOD-AUDIT] user=runner cmd=dod-check -- CHECK FAIL [DOD-KEY-001] Private key permissions: /home/runner/work/PhoenixBoot/PhoenixBoot/keys/KEK.key (644) -- Private keys must be chmod 600 or 400 (owner read-only)
[2026-05-06T19:09:18Z] [DOD-AUDIT] user=runner cmd=dod-check -- dod-check complete: PASS=2 WARN=6 FAIL=4
[2026-05-06T19:09:18Z] [DOD-AUDIT] user=runner cmd=status -- ABORT: FIPS mode not active; DOD_FIPS_REQUIRED=1
